[28-Jan-2025 02:48:47 UTC] PHP Warning:  Undefined array key "host" in /workspaces/diy-pwa.github.io/.wordpress/wp-includes/pluggable.php on line 1625
[28-Jan-2025 02:52:09 UTC] PHP Warning:  Undefined variable $parent_theme_name in /workspaces/diy-pwa.github.io/.wordpress/wp-content/mu-plugins/one-click-child-theme/templates/create_child_form.php on line 18
[30-Jan-2025 17:30:36 UTC] PHP Warning:  strtotime(): Epoch doesn't fit in a PHP integer in /workspaces/diy-pwa.github.io/.wordpress/wp-admin/includes/meta-boxes.php on line 381
[10-Feb-2025 16:28:44 UTC] PHP Warning:  strtotime(): Epoch doesn't fit in a PHP integer in /workspaces/diy-pwa.github.io/.wordpress/wp-admin/includes/meta-boxes.php on line 381
[10-Feb-2025 16:31:30 UTC] PHP Warning:  strtotime(): Epoch doesn't fit in a PHP integer in /workspaces/diy-pwa.github.io/.wordpress/wp-admin/includes/meta-boxes.php on line 381
[10-Feb-2025 16:31:42 UTC] PHP Warning:  strtotime(): Epoch doesn't fit in a PHP integer in /workspaces/diy-pwa.github.io/.wordpress/wp-admin/includes/meta-boxes.php on line 381
[10-Feb-2025 16:33:14 UTC] PHP Warning:  include_once(/workspaces/diy-pwa.github.io/.wordpress/wp-content/plugins/markup-markdown/markup-markdown.php): Failed to open stream: No such file or directory in /workspaces/diy-pwa.github.io/.wordpress/wp-settings.php on line 526
[10-Feb-2025 16:33:14 UTC] PHP Warning:  include_once(): Failed opening '/workspaces/diy-pwa.github.io/.wordpress/wp-content/plugins/markup-markdown/markup-markdown.php' for inclusion (include_path='.:') in /workspaces/diy-pwa.github.io/.wordpress/wp-settings.php on line 526
[10-Feb-2025 16:33:14 UTC] PHP Warning:  Cannot modify header information - headers already sent by (output started at /workspaces/diy-pwa.github.io/.wordpress/wp-settings.php:526) in /workspaces/diy-pwa.github.io/.wordpress/wp-admin/includes/misc.php on line 1438
[10-Feb-2025 16:33:14 UTC] PHP Warning:  Cannot modify header information - headers already sent by (output started at /workspaces/diy-pwa.github.io/.wordpress/wp-settings.php:526) in /workspaces/diy-pwa.github.io/.wordpress/wp-includes/functions.php on line 7137
[10-Feb-2025 16:33:15 UTC] PHP Warning:  include_once(/workspaces/diy-pwa.github.io/.wordpress/wp-content/plugins/markup-markdown/markup-markdown.php): Failed to open stream: No such file or directory in /workspaces/diy-pwa.github.io/.wordpress/wp-settings.php on line 526
[10-Feb-2025 16:33:15 UTC] PHP Warning:  include_once(): Failed opening '/workspaces/diy-pwa.github.io/.wordpress/wp-content/plugins/markup-markdown/markup-markdown.php' for inclusion (include_path='.:') in /workspaces/diy-pwa.github.io/.wordpress/wp-settings.php on line 526
[10-Feb-2025 16:33:15 UTC] PHP Warning:  Cannot modify header information - headers already sent by (output started at /workspaces/diy-pwa.github.io/.wordpress/wp-settings.php:526) in /workspaces/diy-pwa.github.io/.wordpress/wp-admin/includes/misc.php on line 1438
[10-Feb-2025 16:33:15 UTC] PHP Warning:  Cannot modify header information - headers already sent by (output started at /workspaces/diy-pwa.github.io/.wordpress/wp-settings.php:526) in /workspaces/diy-pwa.github.io/.wordpress/wp-includes/functions.php on line 7137
[10-Feb-2025 16:33:15 UTC] PHP Warning:  Cannot modify header information - headers already sent by (output started at /workspaces/diy-pwa.github.io/.wordpress/wp-settings.php:526) in /workspaces/diy-pwa.github.io/.wordpress/wp-admin/admin-header.php on line 9
[10-Feb-2025 16:33:23 UTC] PHP Warning:  include_once(/workspaces/diy-pwa.github.io/.wordpress/wp-content/plugins/markup-markdown/markup-markdown.php): Failed to open stream: No such file or directory in /workspaces/diy-pwa.github.io/.wordpress/wp-settings.php on line 526
[10-Feb-2025 16:33:23 UTC] PHP Warning:  include_once(): Failed opening '/workspaces/diy-pwa.github.io/.wordpress/wp-content/plugins/markup-markdown/markup-markdown.php' for inclusion (include_path='.:') in /workspaces/diy-pwa.github.io/.wordpress/wp-settings.php on line 526
[10-Feb-2025 16:33:23 UTC] PHP Warning:  Cannot modify header information - headers already sent by (output started at /workspaces/diy-pwa.github.io/.wordpress/wp-settings.php:526) in /workspaces/diy-pwa.github.io/.wordpress/wp-admin/includes/misc.php on line 1438
[10-Feb-2025 16:33:23 UTC] PHP Warning:  Cannot modify header information - headers already sent by (output started at /workspaces/diy-pwa.github.io/.wordpress/wp-settings.php:526) in /workspaces/diy-pwa.github.io/.wordpress/wp-includes/functions.php on line 7137
[10-Feb-2025 16:33:23 UTC] PHP Warning:  Cannot modify header information - headers already sent by (output started at /workspaces/diy-pwa.github.io/.wordpress/wp-settings.php:526) in /workspaces/diy-pwa.github.io/.wordpress/wp-admin/admin-header.php on line 9
[10-Feb-2025 16:34:24 UTC] PHP Warning:  include_once(/workspaces/diy-pwa.github.io/.wordpress/wp-content/plugins/markup-markdown/markup-markdown.php): Failed to open stream: No such file or directory in /workspaces/diy-pwa.github.io/.wordpress/wp-settings.php on line 526
[10-Feb-2025 16:34:24 UTC] PHP Warning:  include_once(): Failed opening '/workspaces/diy-pwa.github.io/.wordpress/wp-content/plugins/markup-markdown/markup-markdown.php' for inclusion (include_path='.:') in /workspaces/diy-pwa.github.io/.wordpress/wp-settings.php on line 526
[10-Feb-2025 16:35:34 UTC] PHP Warning:  include_once(/workspaces/diy-pwa.github.io/.wordpress/wp-content/plugins/markup-markdown/markup-markdown.php): Failed to open stream: No such file or directory in /workspaces/diy-pwa.github.io/.wordpress/wp-settings.php on line 526
[10-Feb-2025 16:35:34 UTC] PHP Warning:  include_once(): Failed opening '/workspaces/diy-pwa.github.io/.wordpress/wp-content/plugins/markup-markdown/markup-markdown.php' for inclusion (include_path='.:') in /workspaces/diy-pwa.github.io/.wordpress/wp-settings.php on line 526
[10-Feb-2025 16:35:36 UTC] PHP Warning:  include_once(/workspaces/diy-pwa.github.io/.wordpress/wp-content/plugins/markup-markdown/markup-markdown.php): Failed to open stream: No such file or directory in /workspaces/diy-pwa.github.io/.wordpress/wp-settings.php on line 526
[10-Feb-2025 16:35:36 UTC] PHP Warning:  include_once(): Failed opening '/workspaces/diy-pwa.github.io/.wordpress/wp-content/plugins/markup-markdown/markup-markdown.php' for inclusion (include_path='.:') in /workspaces/diy-pwa.github.io/.wordpress/wp-settings.php on line 526
[10-Feb-2025 16:35:45 UTC] PHP Warning:  include_once(/workspaces/diy-pwa.github.io/.wordpress/wp-content/plugins/markup-markdown/markup-markdown.php): Failed to open stream: No such file or directory in /workspaces/diy-pwa.github.io/.wordpress/wp-settings.php on line 526
[10-Feb-2025 16:35:45 UTC] PHP Warning:  include_once(): Failed opening '/workspaces/diy-pwa.github.io/.wordpress/wp-content/plugins/markup-markdown/markup-markdown.php' for inclusion (include_path='.:') in /workspaces/diy-pwa.github.io/.wordpress/wp-settings.php on line 526
[10-Feb-2025 16:35:46 UTC] PHP Warning:  Cannot modify header information - headers already sent by (output started at /workspaces/diy-pwa.github.io/.wordpress/wp-settings.php:526) in /workspaces/diy-pwa.github.io/.wordpress/wp-admin/includes/misc.php on line 1438
[10-Feb-2025 16:35:46 UTC] PHP Warning:  Cannot modify header information - headers already sent by (output started at /workspaces/diy-pwa.github.io/.wordpress/wp-settings.php:526) in /workspaces/diy-pwa.github.io/.wordpress/wp-includes/functions.php on line 7137
[10-Feb-2025 16:35:46 UTC] PHP Warning:  Cannot modify header information - headers already sent by (output started at /workspaces/diy-pwa.github.io/.wordpress/wp-settings.php:526) in /workspaces/diy-pwa.github.io/.wordpress/wp-admin/admin-header.php on line 9
[10-Feb-2025 16:35:48 UTC] PHP Warning:  include_once(/workspaces/diy-pwa.github.io/.wordpress/wp-content/plugins/markup-markdown/markup-markdown.php): Failed to open stream: No such file or directory in /workspaces/diy-pwa.github.io/.wordpress/wp-settings.php on line 526
[10-Feb-2025 16:35:48 UTC] PHP Warning:  include_once(): Failed opening '/workspaces/diy-pwa.github.io/.wordpress/wp-content/plugins/markup-markdown/markup-markdown.php' for inclusion (include_path='.:') in /workspaces/diy-pwa.github.io/.wordpress/wp-settings.php on line 526
[10-Feb-2025 16:35:49 UTC] PHP Warning:  Cannot modify header information - headers already sent by (output started at /workspaces/diy-pwa.github.io/.wordpress/wp-settings.php:526) in /workspaces/diy-pwa.github.io/.wordpress/wp-admin/includes/misc.php on line 1438
[10-Feb-2025 16:35:49 UTC] PHP Warning:  Cannot modify header information - headers already sent by (output started at /workspaces/diy-pwa.github.io/.wordpress/wp-settings.php:526) in /workspaces/diy-pwa.github.io/.wordpress/wp-includes/functions.php on line 7137
[10-Feb-2025 16:35:49 UTC] PHP Warning:  Cannot modify header information - headers already sent by (output started at /workspaces/diy-pwa.github.io/.wordpress/wp-settings.php:526) in /workspaces/diy-pwa.github.io/.wordpress/wp-admin/admin-header.php on line 9
[10-Feb-2025 16:36:02 UTC] PHP Warning:  include_once(/workspaces/diy-pwa.github.io/.wordpress/wp-content/plugins/markup-markdown/markup-markdown.php): Failed to open stream: No such file or directory in /workspaces/diy-pwa.github.io/.wordpress/wp-settings.php on line 526
[10-Feb-2025 16:36:02 UTC] PHP Warning:  include_once(): Failed opening '/workspaces/diy-pwa.github.io/.wordpress/wp-content/plugins/markup-markdown/markup-markdown.php' for inclusion (include_path='.:') in /workspaces/diy-pwa.github.io/.wordpress/wp-settings.php on line 526
[10-Feb-2025 16:36:09 UTC] PHP Warning:  include_once(/workspaces/diy-pwa.github.io/.wordpress/wp-content/plugins/markup-markdown/markup-markdown.php): Failed to open stream: No such file or directory in /workspaces/diy-pwa.github.io/.wordpress/wp-settings.php on line 526
[10-Feb-2025 16:36:09 UTC] PHP Warning:  include_once(): Failed opening '/workspaces/diy-pwa.github.io/.wordpress/wp-content/plugins/markup-markdown/markup-markdown.php' for inclusion (include_path='.:') in /workspaces/diy-pwa.github.io/.wordpress/wp-settings.php on line 526
[10-Feb-2025 16:36:11 UTC] PHP Warning:  include_once(/workspaces/diy-pwa.github.io/.wordpress/wp-content/plugins/markup-markdown/markup-markdown.php): Failed to open stream: No such file or directory in /workspaces/diy-pwa.github.io/.wordpress/wp-settings.php on line 526
[10-Feb-2025 16:36:11 UTC] PHP Warning:  include_once(): Failed opening '/workspaces/diy-pwa.github.io/.wordpress/wp-content/plugins/markup-markdown/markup-markdown.php' for inclusion (include_path='.:') in /workspaces/diy-pwa.github.io/.wordpress/wp-settings.php on line 526
[10-Feb-2025 16:36:15 UTC] PHP Warning:  include_once(/workspaces/diy-pwa.github.io/.wordpress/wp-content/plugins/markup-markdown/markup-markdown.php): Failed to open stream: No such file or directory in /workspaces/diy-pwa.github.io/.wordpress/wp-settings.php on line 526
[10-Feb-2025 16:36:15 UTC] PHP Warning:  include_once(): Failed opening '/workspaces/diy-pwa.github.io/.wordpress/wp-content/plugins/markup-markdown/markup-markdown.php' for inclusion (include_path='.:') in /workspaces/diy-pwa.github.io/.wordpress/wp-settings.php on line 526
[10-Feb-2025 16:36:50 UTC] PHP Warning:  include_once(/workspaces/diy-pwa.github.io/.wordpress/wp-content/plugins/markup-markdown/markup-markdown.php): Failed to open stream: No such file or directory in /workspaces/diy-pwa.github.io/.wordpress/wp-settings.php on line 526
[10-Feb-2025 16:36:50 UTC] PHP Warning:  include_once(): Failed opening '/workspaces/diy-pwa.github.io/.wordpress/wp-content/plugins/markup-markdown/markup-markdown.php' for inclusion (include_path='.:') in /workspaces/diy-pwa.github.io/.wordpress/wp-settings.php on line 526
[10-Feb-2025 16:40:36 UTC] PHP Warning:  strtotime(): Epoch doesn't fit in a PHP integer in /workspaces/diy-pwa.github.io/.wordpress/wp-admin/includes/meta-boxes.php on line 381
